<?xml version="1.0" encoding="UTF-8"?>
<!-- Generated by org.testng.reporters.JUnitReportReporter -->
<testsuite skipped="0" hostname="VAIO" name="mavendemo.AppiumTest" tests="2" failures="0" timestamp="2020-03-03T19:19:37 IST" time="0.002" errors="0">
  <testcase name="test1" time="0.001" classname="mavendemo.AppiumTest"/>
  <system-out/>
  <testcase name="test2" time="0.001" classname="mavendemo.AppiumTest"/>
  <system-out/>
</testsuite> <!-- mavendemo.AppiumTest -->
