<?xml version="1.0" encoding="UTF-8"?>
<!-- Generated by org.testng.reporters.JUnitReportReporter -->
<testsuite skipped="0" hostname="VAIO" name="mavendemo.SeleniumTest" tests="2" failures="0" timestamp="2020-03-03T19:19:37 IST" time="0.017" errors="0">
  <testcase name="test4" time="0.001" classname="mavendemo.SeleniumTest"/>
  <system-out/>
  <testcase name="test3" time="0.016" classname="mavendemo.SeleniumTest"/>
  <system-out/>
</testsuite> <!-- mavendemo.SeleniumTest -->
